Arguments: 
  /usr/local/bin/node /usr/local/Cellar/yarn/1.22.17/libexec/bin/yarn.js

PATH: 
  /usr/local/opt/php@7.0/sbin:/usr/local/opt/php@7.0/bin:/usr/local/opt/php@7.4/sbin:/usr/local/opt/php@7.4/bin:/Users/erindeji/Downloads/platform-tools:/usr/local/opt/scrcpy/bin:/usr/local/opt/php@7.0/sbin:/usr/local/opt/php@7.0/bin:/usr/local/opt/php@7.4/sbin:/usr/local/opt/php@7.4/bin:/usr/local/opt/php@7.4/sbin:/usr/local/opt/php@7.4/bin:/usr/local/opt/php@7.0/sbin:/usr/local/opt/php@7.0/bin:/usr/local/opt/php@7.4/sbin:/usr/local/opt/php@7.4/bin:/usr/local/opt/php@7.0/sbin:/usr/local/opt/php@7.0/bin:/usr/local/opt/php@7.4/sbin:/usr/local/opt/php@7.4/bin:/usr/local/opt/php@7.4/sbin:/usr/local/opt/php@7.4/bin:/usr/local/opt/php@7.4/sbin:/usr/local/opt/php@7.4/bin:/usr/local/opt/php@7.0/sbin:/usr/local/opt/php@7.0/bin:/usr/local/opt/php@7.0/sbin:/usr/local/opt/php@7.0/sbin:/usr/local/opt/php@7.0/bin:/usr/local/opt/php@7.0/sbin:/usr/local/opt/php@7.0/bin:/usr/local/opt/php@7.4/sbin:/usr/local/opt/php@7.4/bin:/usr/local/opt/php@7.0/sbin:/usr/local/opt/php@7.0/bin:/usr/local/opt/php@7.4/sbin:/usr/local/opt/php@7.4/bin:/usr/local/opt/php@7.0/sbin:/usr/local/opt/php@7.0/bin:/usr/local/opt/php@7.4/sbin:/usr/local/opt/php@7.4/bin:/usr/local/opt/php@7.0/sbin:/usr/local/opt/php@7.0/bin:/usr/local/opt/php@7.0/sbin:/usr/local/opt/php@7.0/bin:/usr/local/opt/php@7.4/sbin:/usr/local/opt/php@7.4/bin:/usr/local/opt/php@7.0/sbin:/usr/local/opt/php@7.0/bin:/usr/local/opt/php@7.4/sbin:/usr/local/opt/php@7.4/bin:/usr/local/opt/php@7.0/sbin:/usr/local/opt/php@7.0/bin:/usr/local/opt/php@7.0/sbin:/usr/local/opt/php@7.0/bin:/usr/local/opt/php@7.4/sbin:/usr/local/opt/php@7.4/bin:/usr/local/opt/php@7.0/sbin:/usr/local/opt/php@7.0/bin:/usr/local/opt/php@7.4/sbin:/usr/local/opt/php@7.4/sbin:/usr/local/opt/php@7.4/bin:/usr/local/opt/php@7.0/sbin:/usr/local/opt/php@7.0/bin:/usr/local/opt/php@7.4/sbin:/usr/local/opt/php@7.4/bin:/usr/local/opt/php@7.0/sbin:/usr/local/opt/php@7.0/bin:/usr/local/opt/php@7.0/sbin:/usr/local/opt/php@7.0/bin:/usr/local/opt/php@7.0/sbin:/usr/local/opt/php@7.0/bin:/usr/local/opt/php@7.4/sbin:/usr/local/opt/php@7.4/bin:/usr/local/opt/php@7.0/sbin:/usr/local/opt/php@7.0/bin:/usr/local/opt/php@7.4/sbin:/usr/local/opt/php@7.4/bin:/usr/local/opt/php@7.0/sbin:/usr/local/opt/php@7.0/bin:/usr/local/opt/php@7.4/sbin:/usr/local/opt/php@7.4/bin:/usr/local/opt/php@7.0/sbin:/usr/local/opt/php@7.0/bin:/usr/local/opt/php@7.4/sbin:/usr/local/opt/php@7.4/bin:/usr/local/opt/php@7.0/sbin:/usr/local/opt/php@7.0/bin:/usr/local/opt/php@7.4/sbin:/usr/local/opt/php@7.4/bin:/usr/local/opt/php@7.0/sbin:/usr/local/opt/php@7.0/bin:/usr/local/opt/php@7.4/bin:/usr/local/opt/php@7.4/sbin:/usr/local/opt/php@7.0/sbin:/usr/local/opt/php@7.0/bin:/usr/local/opt/php@7.4/sbin:/usr/local/opt/php@7.4/bin:/usr/local/opt/php@7.4/sbin:/usr/local/opt/php@7.0/bin:/usr/local/opt/php@7.2/sbin:/usr/local/opt/php@7.2/bin:/usr/local/opt/php@7.0/sbin:/usr/local/opt/php@7.0/bin:/usr/local/opt/php@7.2/sbin:/usr/local/opt/php@7.2/bin:/usr/local/opt/php@7.0/sbin:/usr/local/opt/php@7.0/bin:/usr/local/sbin:/usr/local/opt/openldap/sbin:/usr/local/opt/openldap/bin:/usr/local/bin:/usr/bin:/bin:/usr/sbin:/sbin:/usr/local/go/bin:/usr/local/share/dotnet:/opt/X11/bin:~/.dotnet/tools:/Library/Apple/usr/bin:/Library/Frameworks/Mono.framework/Versions/Current/Commands:/usr/local/opt/php@7.0/sbin:/usr/local/opt/php@7.0/bin:/usr/local/opt/php@7.4/sbin:/usr/local/opt/php@7.4/bin:/Users/erindeji/Downloads/platform-tools:/usr/local/opt/scrcpy/bin:/Users/erindeji/Desktop/google-cloud-sdk/bin:/usr/local/opt/php@7.2/sbin:/usr/local/opt/php@7.2/bin:/usr/local/sbin:/usr/local/opt/openldap/sbin:/usr/local/opt/openldap/bin:/Users/erindeji/Library/Android/sdk/emulator:/Users/erindeji/Library/Android/sdk/tools:/Users/erindeji/Library/Android/sdk/tools/bin:/Users/erindeji/Library/Android/sdk/platform-tools:/Users/erindeji/Library/Android/sdk/emulator:/Users/erindeji/Library/Android/sdk/tools:/Users/erindeji/Library/Android/sdk/tools/bin:/Users/erindeji/Library/Android/sdk/platform-tools

Yarn version: 
  1.22.17

Node version: 
  14.18.1

Platform: 
  darwin x64

Trace: 
  SyntaxError: /Users/erindeji/Desktop/PROJECTS/NODE/portfolio-bcknd/bj-portfolio/package.json: Unexpected token / in JSON at position 123
      at JSON.parse (<anonymous>)
      at /usr/local/Cellar/yarn/1.22.17/libexec/lib/cli.js:1625:59
      at Generator.next (<anonymous>)
      at step (/usr/local/Cellar/yarn/1.22.17/libexec/lib/cli.js:310:30)
      at /usr/local/Cellar/yarn/1.22.17/libexec/lib/cli.js:321:13

npm manifest: 
  {
    "name": "portfolio",
    "version": "1.0.0",
    "description": "Deji's portfolio",
    "main": "app.js",
    "engines": {
      // "node": "v14.16.1",
      "npm": "6.14.12"
    },
    "scripts": {
      "start": "node app.js"
    },
  
    "keywords": [],
    "author": "",
    "license": "ISC",
    "dependencies": {
      "@sendgrid/mail": "^7.4.4",
      "body-parser": "^1.19.0",
      "cookie-parser": "^1.4.5",
      "cors": "^2.8.5",
      "dotenv": "^9.0.2",
      "express": "^4.17.1",
      "jade": "^1.11.0",
      "mailgen": "^2.0.14",
      "morgan": "^1.10.0"
    }
  }

yarn manifest: 
  No manifest

Lockfile: 
  No lockfile
